<?xml version="1.0" encoding="UTF-8" ?>
<testsuite errors="1" failures="0" name="com.gc.junit.TestHibernate" tests="1" time="3.844">
  <properties>
[...]
</properties>
  <testcase classname="com.gc.junit.TestHibernate" name="testCreate" time="3.046">
    <error message="Could not find a getter for id in class com.gc.vo.User" type="org.hibernate.PropertyNotFoundException">org.hibernate.PropertyNotFoundException: Could not find a getter for id in class com.gc.vo.User
	at org.hibernate.property.BasicPropertyAccessor.createGetter(BasicPropertyAccessor.java:282)
	at org.hibernate.property.BasicPropertyAccessor.getGetter(BasicPropertyAccessor.java:275)
	at org.hibernate.tuple.PropertyFactory.getGetter(PropertyFactory.java:167)
	at org.hibernate.tuple.PropertyFactory.buildIdentifierProperty(PropertyFactory.java:44)
	at org.hibernate.tuple.EntityMetamodel.&lt;init&gt;(EntityMetamodel.java:114)
	at org.hibernate.persister.entity.AbstractEntityPersister.&lt;init&gt;(AbstractEntityPersister.java:418)
	at org.hibernate.persister.entity.SingleTableEntityPersister.&lt;init&gt;(SingleTableEntityPersister.java:108)
	at org.hibernate.persister.PersisterFactory.createClassPersister(PersisterFactory.java:55)
	at org.hibernate.impl.SessionFactoryImpl.&lt;init&gt;(SessionFactoryImpl.java:223)
	at org.hibernate.cfg.Configuration.buildSessionFactory(Configuration.java:1213)
	at com.gc.junit.TestHibernate.setUp(TestHibernate.java:22)
	at org.eclipse.ant.internal.ui.antsupport.InternalAntRunner.run(InternalAntRunner.java:403)
	at org.eclipse.ant.internal.ui.antsupport.InternalAntRunner.main(InternalAntRunner.java:139)
</error>
  </testcase>
  <system-out><![CDATA[[DEBUG] 2006-05-31 10:59:04 net.sf.ehcache.CacheManager - Configuring ehcache from classpath.
[WARN ] 2006-05-31 10:59:04 net.sf.ehcache.config.ConfigurationFactory - No configuration found. Configuring ehcache from ehcache-failsafe.xml  found in the classpath: jar:file:/D:/eclipse1/workspace/mySS/WEB-INF/lib/ehcache-1.2.jar!/ehcache-failsafe.xml
[DEBUG] 2006-05-31 10:59:04 net.sf.ehcache.config.ConfigurationFactory - Configuring ehcache from URL: jar:file:/D:/eclipse1/workspace/mySS/WEB-INF/lib/ehcache-1.2.jar!/ehcache-failsafe.xml
[DEBUG] 2006-05-31 10:59:04 net.sf.ehcache.config.ConfigurationFactory - Configuring ehcache from InputStream
[DEBUG] 2006-05-31 10:59:04 net.sf.ehcache.config.DiskStoreConfiguration - Disk Store Path: C:\DOCUME~1\gc\LOCALS~1\Temp\
[DEBUG] 2006-05-31 10:59:04 net.sf.ehcache.config.ConfigurationHelper - No CacheManagerEventListenerFactory class specified. Skipping...
[DEBUG] 2006-05-31 10:59:04 net.sf.ehcache.config.ConfigurationHelper - No CachePeerListenerFactoryConfiguration specified. Not configuring a CacheManagerPeerListener.
[DEBUG] 2006-05-31 10:59:04 net.sf.ehcache.config.ConfigurationHelper - No CachePeerProviderFactoryConfiguration specified. Not configuring a CacheManagerPeerProvider.
]]></system-out>
  <system-err><![CDATA[java.util.zip.ZipException: error in opening zip file
	at java.util.zip.ZipFile.open(Native Method)
	at java.util.zip.ZipFile.<init>(ZipFile.java:204)
	at java.util.zip.ZipFile.<init>(ZipFile.java:235)
	at org.apache.tools.ant.AntClassLoader.getResourceURL(AntClassLoader.java:902)
	at org.apache.tools.ant.AntClassLoader.getResource(AntClassLoader.java:831)
	at org.apache.log4j.helpers.Loader.getResource(Loader.java:87)
	at org.apache.log4j.LogManager.<clinit>(LogManager.java:103)
	at org.apache.log4j.Logger.getLogger(Logger.java:103)
	at org.apache.commons.logging.impl.Log4JLogger.getLogger(Log4JLogger.java:229)
	at org.apache.commons.logging.impl.Log4JLogger.<init>(Log4JLogger.java:65)
	at sun.reflect.NativeConstructorAccessorImpl.newInstance0(Native Method)
	at sun.reflect.NativeConstructorAccessorImpl.newInstance(NativeConstructorAccessorImpl.java:39)
	at sun.reflect.DelegatingConstructorAccessorImpl.newInstance(DelegatingConstructorAccessorImpl.java:27)
	at java.lang.reflect.Constructor.newInstance(Constructor.java:494)
	at org.apache.commons.logging.impl.LogFactoryImpl.newInstance(LogFactoryImpl.java:529)
	at org.apache.commons.logging.impl.LogFactoryImpl.getInstance(LogFactoryImpl.java:235)
	at org.apache.commons.logging.impl.LogFactoryImpl.getInstance(LogFactoryImpl.java:209)
	at org.apache.commons.logging.LogFactory.getLog(LogFactory.java:351)
	at org.hibernate.cfg.Configuration.<clinit>(Configuration.java:117)
	at com.gc.junit.TestHibernate.setUp(TestHibernate.java:22)
	at junit.framework.TestCase.runBare(TestCase.java:125)
	at junit.framework.TestResult$1.protect(TestResult.java:106)
	at junit.framework.TestResult.runProtected(TestResult.java:124)
	at junit.framework.TestResult.run(TestResult.java:109)
	at junit.framework.TestCase.run(TestCase.java:118)
	at junit.framework.TestSuite.runTest(TestSuite.java:208)
	at junit.framework.TestSuite.run(TestSuite.java:203)
	at org.apache.tools.ant.taskdefs.optional.junit.JUnitTestRunner.run(JUnitTestRunner.java:289)
	at org.apache.tools.ant.taskdefs.optional.junit.JUnitTask.executeInVM(JUnitTask.java:1061)
	at org.apache.tools.ant.taskdefs.optional.junit.JUnitTask.execute(JUnitTask.java:676)
	at org.apache.tools.ant.taskdefs.optional.junit.JUnitTask.executeOrQueue(JUnitTask.java:1413)
	at org.apache.tools.ant.taskdefs.optional.junit.JUnitTask.execute(JUnitTask.java:633)
	at org.apache.tools.ant.UnknownElement.execute(UnknownElement.java:275)
	at org.apache.tools.ant.Task.perform(Task.java:364)
	at org.apache.tools.ant.Target.execute(Target.java:341)
	at org.apache.tools.ant.Target.performTasks(Target.java:369)
	at org.apache.tools.ant.Project.executeTarget(Project.java:1214)
	at org.apache.tools.ant.Project.executeTargets(Project.java:1062)
	at org.eclipse.ant.internal.ui.antsupport.InternalAntRunner.run(InternalAntRunner.java:403)
	at org.eclipse.ant.internal.ui.antsupport.InternalAntRunner.main(InternalAntRunner.java:139)
java.util.zip.ZipException: error in opening zip file
	at java.util.zip.ZipFile.open(Native Method)
	at java.util.zip.ZipFile.<init>(ZipFile.java:204)
	at java.util.zip.ZipFile.<init>(ZipFile.java:235)
	at org.apache.tools.ant.AntClassLoader.getResourceURL(AntClassLoader.java:902)
	at org.apache.tools.ant.AntClassLoader.getResource(AntClassLoader.java:831)
	at org.apache.log4j.helpers.Loader.getResource(Loader.java:100)
	at org.apache.log4j.LogManager.<clinit>(LogManager.java:103)
	at org.apache.log4j.Logger.getLogger(Logger.java:103)
	at org.apache.commons.logging.impl.Log4JLogger.getLogger(Log4JLogger.java:229)
	at org.apache.commons.logging.impl.Log4JLogger.<init>(Log4JLogger.java:65)
	at sun.reflect.NativeConstructorAccessorImpl.newInstance0(Native Method)
	at sun.reflect.NativeConstructorAccessorImpl.newInstance(NativeConstructorAccessorImpl.java:39)
	at sun.reflect.DelegatingConstructorAccessorImpl.newInstance(DelegatingConstructorAccessorImpl.java:27)
	at java.lang.reflect.Constructor.newInstance(Constructor.java:494)
	at org.apache.commons.logging.impl.LogFactoryImpl.newInstance(LogFactoryImpl.java:529)
	at org.apache.commons.logging.impl.LogFactoryImpl.getInstance(LogFactoryImpl.java:235)
	at org.apache.commons.logging.impl.LogFactoryImpl.getInstance(LogFactoryImpl.java:209)
	at org.apache.commons.logging.LogFactory.getLog(LogFactory.java:351)
	at org.hibernate.cfg.Configuration.<clinit>(Configuration.java:117)
	at com.gc.junit.TestHibernate.setUp(TestHibernate.java:22)
	at junit.framework.TestCase.runBare(TestCase.java:125)
	at junit.framework.TestResult$1.protect(TestResult.java:106)
	at junit.framework.TestResult.runProtected(TestResult.java:124)
	at junit.framework.TestResult.run(TestResult.java:109)
	at junit.framework.TestCase.run(TestCase.java:118)
	at junit.framework.TestSuite.runTest(TestSuite.java:208)
	at junit.framework.TestSuite.run(TestSuite.java:203)
	at org.apache.tools.ant.taskdefs.optional.junit.JUnitTestRunner.run(JUnitTestRunner.java:289)
	at org.apache.tools.ant.taskdefs.optional.junit.JUnitTask.executeInVM(JUnitTask.java:1061)
	at org.apache.tools.ant.taskdefs.optional.junit.JUnitTask.execute(JUnitTask.java:676)
	at org.apache.tools.ant.taskdefs.optional.junit.JUnitTask.executeOrQueue(JUnitTask.java:1413)
	at org.apache.tools.ant.taskdefs.optional.junit.JUnitTask.execute(JUnitTask.java:633)
	at org.apache.tools.ant.UnknownElement.execute(UnknownElement.java:275)
	at org.apache.tools.ant.Task.perform(Task.java:364)
	at org.apache.tools.ant.Target.execute(Target.java:341)
	at org.apache.tools.ant.Target.performTasks(Target.java:369)
	at org.apache.tools.ant.Project.executeTarget(Project.java:1214)
	at org.apache.tools.ant.Project.executeTargets(Project.java:1062)
	at org.eclipse.ant.internal.ui.antsupport.InternalAntRunner.run(InternalAntRunner.java:403)
	at org.eclipse.ant.internal.ui.antsupport.InternalAntRunner.main(InternalAntRunner.java:139)
java.util.zip.ZipException: error in opening zip file
	at java.util.zip.ZipFile.open(Native Method)
	at java.util.zip.ZipFile.<init>(ZipFile.java:204)
	at java.util.zip.ZipFile.<init>(ZipFile.java:235)
	at org.apache.tools.ant.AntClassLoader.getResourceURL(AntClassLoader.java:902)
	at org.apache.tools.ant.AntClassLoader.getResource(AntClassLoader.java:831)
	at org.apache.log4j.helpers.Loader.getResource(Loader.java:87)
	at org.apache.log4j.LogManager.<clinit>(LogManager.java:105)
	at org.apache.log4j.Logger.getLogger(Logger.java:103)
	at org.apache.commons.logging.impl.Log4JLogger.getLogger(Log4JLogger.java:229)
	at org.apache.commons.logging.impl.Log4JLogger.<init>(Log4JLogger.java:65)
	at sun.reflect.NativeConstructorAccessorImpl.newInstance0(Native Method)
	at sun.reflect.NativeConstructorAccessorImpl.newInstance(NativeConstructorAccessorImpl.java:39)
	at sun.reflect.DelegatingConstructorAccessorImpl.newInstance(DelegatingConstructorAccessorImpl.java:27)
	at java.lang.reflect.Constructor.newInstance(Constructor.java:494)
	at org.apache.commons.logging.impl.LogFactoryImpl.newInstance(LogFactoryImpl.java:529)
	at org.apache.commons.logging.impl.LogFactoryImpl.getInstance(LogFactoryImpl.java:235)
	at org.apache.commons.logging.impl.LogFactoryImpl.getInstance(LogFactoryImpl.java:209)
	at org.apache.commons.logging.LogFactory.getLog(LogFactory.java:351)
	at org.hibernate.cfg.Configuration.<clinit>(Configuration.java:117)
	at com.gc.junit.TestHibernate.setUp(TestHibernate.java:22)
	at junit.framework.TestCase.runBare(TestCase.java:125)
	at junit.framework.TestResult$1.protect(TestResult.java:106)
	at junit.framework.TestResult.runProtected(TestResult.java:124)
	at junit.framework.TestResult.run(TestResult.java:109)
	at junit.framework.TestCase.run(TestCase.java:118)
	at junit.framework.TestSuite.runTest(TestSuite.java:208)
	at junit.framework.TestSuite.run(TestSuite.java:203)
	at org.apache.tools.ant.taskdefs.optional.junit.JUnitTestRunner.run(JUnitTestRunner.java:289)
	at org.apache.tools.ant.taskdefs.optional.junit.JUnitTask.executeInVM(JUnitTask.java:1061)
	at org.apache.tools.ant.taskdefs.optional.junit.JUnitTask.execute(JUnitTask.java:676)
	at org.apache.tools.ant.taskdefs.optional.junit.JUnitTask.executeOrQueue(JUnitTask.java:1413)
	at org.apache.tools.ant.taskdefs.optional.junit.JUnitTask.execute(JUnitTask.java:633)
	at org.apache.tools.ant.UnknownElement.execute(UnknownElement.java:275)
	at org.apache.tools.ant.Task.perform(Task.java:364)
	at org.apache.tools.ant.Target.execute(Target.java:341)
	at org.apache.tools.ant.Target.performTasks(Target.java:369)
	at org.apache.tools.ant.Project.executeTarget(Project.java:1214)
	at org.apache.tools.ant.Project.executeTargets(Project.java:1062)
	at org.eclipse.ant.internal.ui.antsupport.InternalAntRunner.run(InternalAntRunner.java:403)
	at org.eclipse.ant.internal.ui.antsupport.InternalAntRunner.main(InternalAntRunner.java:139)
java.util.zip.ZipException: error in opening zip file
	at java.util.zip.ZipFile.open(Native Method)
	at java.util.zip.ZipFile.<init>(ZipFile.java:204)
	at java.util.zip.ZipFile.<init>(ZipFile.java:235)
	at org.apache.tools.ant.AntClassLoader.getResourceURL(AntClassLoader.java:902)
	at org.apache.tools.ant.AntClassLoader.getResource(AntClassLoader.java:831)
	at net.sf.ehcache.config.ConfigurationFactory.parseConfiguration(ConfigurationFactory.java:115)
	at net.sf.ehcache.CacheManager.parseConfiguration(CacheManager.java:236)
	at net.sf.ehcache.CacheManager.init(CacheManager.java:187)
	at net.sf.ehcache.CacheManager.<init>(CacheManager.java:180)
	at org.hibernate.cache.EhCacheProvider.start(EhCacheProvider.java:124)
	at org.hibernate.impl.SessionFactoryImpl.<init>(SessionFactoryImpl.java:180)
	at org.hibernate.cfg.Configuration.buildSessionFactory(Configuration.java:1213)
	at com.gc.junit.TestHibernate.setUp(TestHibernate.java:22)
	at junit.framework.TestCase.runBare(TestCase.java:125)
	at junit.framework.TestResult$1.protect(TestResult.java:106)
	at junit.framework.TestResult.runProtected(TestResult.java:124)
	at junit.framework.TestResult.run(TestResult.java:109)
	at junit.framework.TestCase.run(TestCase.java:118)
	at junit.framework.TestSuite.runTest(TestSuite.java:208)
	at junit.framework.TestSuite.run(TestSuite.java:203)
	at org.apache.tools.ant.taskdefs.optional.junit.JUnitTestRunner.run(JUnitTestRunner.java:289)
	at org.apache.tools.ant.taskdefs.optional.junit.JUnitTask.executeInVM(JUnitTask.java:1061)
	at org.apache.tools.ant.taskdefs.optional.junit.JUnitTask.execute(JUnitTask.java:676)
	at org.apache.tools.ant.taskdefs.optional.junit.JUnitTask.executeOrQueue(JUnitTask.java:1413)
	at org.apache.tools.ant.taskdefs.optional.junit.JUnitTask.execute(JUnitTask.java:633)
	at org.apache.tools.ant.UnknownElement.execute(UnknownElement.java:275)
	at org.apache.tools.ant.Task.perform(Task.java:364)
	at org.apache.tools.ant.Target.execute(Target.java:341)
	at org.apache.tools.ant.Target.performTasks(Target.java:369)
	at org.apache.tools.ant.Project.executeTarget(Project.java:1214)
	at org.apache.tools.ant.Project.executeTargets(Project.java:1062)
	at org.eclipse.ant.internal.ui.antsupport.InternalAntRunner.run(InternalAntRunner.java:403)
	at org.eclipse.ant.internal.ui.antsupport.InternalAntRunner.main(InternalAntRunner.java:139)
java.util.zip.ZipException: error in opening zip file
	at java.util.zip.ZipFile.open(Native Method)
	at java.util.zip.ZipFile.<init>(ZipFile.java:204)
	at java.util.zip.ZipFile.<init>(ZipFile.java:235)
	at org.apache.tools.ant.AntClassLoader.getResourceURL(AntClassLoader.java:902)
	at org.apache.tools.ant.AntClassLoader.getResource(AntClassLoader.java:831)
	at java.lang.Class.getResource(Class.java:2042)
	at net.sf.ehcache.config.ConfigurationFactory.parseConfiguration(ConfigurationFactory.java:118)
	at net.sf.ehcache.CacheManager.parseConfiguration(CacheManager.java:236)
	at net.sf.ehcache.CacheManager.init(CacheManager.java:187)
	at net.sf.ehcache.CacheManager.<init>(CacheManager.java:180)
	at org.hibernate.cache.EhCacheProvider.start(EhCacheProvider.java:124)
	at org.hibernate.impl.SessionFactoryImpl.<init>(SessionFactoryImpl.java:180)
	at org.hibernate.cfg.Configuration.buildSessionFactory(Configuration.java:1213)
	at com.gc.junit.TestHibernate.setUp(TestHibernate.java:22)
	at junit.framework.TestCase.runBare(TestCase.java:125)
	at junit.framework.TestResult$1.protect(TestResult.java:106)
	at junit.framework.TestResult.runProtected(TestResult.java:124)
	at junit.framework.TestResult.run(TestResult.java:109)
	at junit.framework.TestCase.run(TestCase.java:118)
	at junit.framework.TestSuite.runTest(TestSuite.java:208)
	at junit.framework.TestSuite.run(TestSuite.java:203)
	at org.apache.tools.ant.taskdefs.optional.junit.JUnitTestRunner.run(JUnitTestRunner.java:289)
	at org.apache.tools.ant.taskdefs.optional.junit.JUnitTask.executeInVM(JUnitTask.java:1061)
	at org.apache.tools.ant.taskdefs.optional.junit.JUnitTask.execute(JUnitTask.java:676)
	at org.apache.tools.ant.taskdefs.optional.junit.JUnitTask.executeOrQueue(JUnitTask.java:1413)
	at org.apache.tools.ant.taskdefs.optional.junit.JUnitTask.execute(JUnitTask.java:633)
	at org.apache.tools.ant.UnknownElement.execute(UnknownElement.java:275)
	at org.apache.tools.ant.Task.perform(Task.java:364)
	at org.apache.tools.ant.Target.execute(Target.java:341)
	at org.apache.tools.ant.Target.performTasks(Target.java:369)
	at org.apache.tools.ant.Project.executeTarget(Project.java:1214)
	at org.apache.tools.ant.Project.executeTargets(Project.java:1062)
	at org.eclipse.ant.internal.ui.antsupport.InternalAntRunner.run(InternalAntRunner.java:403)
	at org.eclipse.ant.internal.ui.antsupport.InternalAntRunner.main(InternalAntRunner.java:139)
]]></system-err>
</testsuite>
